<?xml version="1.0" encoding="UTF-8"?>
<!-- Generated by org.testng.reporters.JUnitReportReporter -->
<testsuite hostname="DESKTOP-UK1UHLE" failures="0" tests="1" name="com.ss.ita.rozetka.test.LoginModalTest" time="34.687" errors="0" timestamp="2021-12-12T20:42:58 EET" skipped="0">
  <testcase classname="com.ss.ita.rozetka.test.LoginModalTest" name="verifyLoginValidationTest" time="34.687"/>
  <system-out/>
</testsuite> <!-- com.ss.ita.rozetka.test.LoginModalTest -->
