<?xml version="1.0" encoding="UTF-8"?>
<!-- Generated by org.testng.reporters.JUnitReportReporter -->
<testsuite hostname="DESKTOP-UK1UHLE" failures="0" tests="2" name="com.ss.ita.rozetka.test.SearchFunctionalityTest" time="1757.963" errors="0" timestamp="2021-12-16T10:56:25 EET" skipped="0">
  <testcase classname="com.ss.ita.rozetka.test.SearchFunctionalityTest" name="verifySearchHistoryText" time="272.271"/>
  <system-out/>
  <testcase classname="com.ss.ita.rozetka.test.SearchFunctionalityTest" name="verifySearchFromSearchHistory" time="1485.692"/>
  <system-out/>
</testsuite> <!-- com.ss.ita.rozetka.test.SearchFunctionalityTest -->
