<?xml version="1.0" encoding="UTF-8"?>
<!-- Generated by org.testng.reporters.JUnitReportReporter -->
<testsuite hostname="DESKTOP-UK1UHLE" failures="0" tests="2" name="com.ss.ita.rozetka.test.ProductTypePageTest" time="121.311" errors="0" timestamp="2021-12-12T20:42:58 EET" skipped="0">
  <testcase classname="com.ss.ita.rozetka.test.ProductTypePageTest" name="verifyThatProductsArePresentedInTVAccessoriesCategory" time="53.310"/>
  <system-out/>
  <testcase classname="com.ss.ita.rozetka.test.ProductTypePageTest" name="verifyThatProductsArePresentedInNotebookCategory" time="68.001"/>
  <system-out/>
</testsuite> <!-- com.ss.ita.rozetka.test.ProductTypePageTest -->
