<?xml version="1.0" encoding="UTF-8"?>
<!-- Generated by org.testng.reporters.JUnitReportReporter -->
<testsuite hostname="DESKTOP-UK1UHLE" failures="0" tests="1" name="com.ss.ita.rozetka.test.LocalizationTest" time="42.777" errors="0" timestamp="2021-12-12T20:42:58 EET" skipped="0">
  <testcase classname="com.ss.ita.rozetka.test.LocalizationTest" name="verifyUserCanChangeLanguage" time="42.777"/>
  <system-out/>
</testsuite> <!-- com.ss.ita.rozetka.test.LocalizationTest -->
