<?xml version="1.0" encoding="UTF-8"?>
<!-- Generated by org.testng.reporters.JUnitReportReporter -->
<testsuite hostname="DESKTOP-UK1UHLE" failures="0" tests="2" name="com.ss.ita.rozetka.test.SortProductsListTest" time="967.247" errors="0" timestamp="2021-12-16T10:56:25 EET" skipped="0">
  <testcase classname="com.ss.ita.rozetka.test.SortProductsListTest" name="verifyDiscountPriceAndOldPriceAreDisplayedCorrectly" time="547.515"/>
  <system-out/>
  <testcase classname="com.ss.ita.rozetka.test.SortProductsListTest" name="verifyCheapToExpensiveSorting" time="419.732"/>
  <system-out/>
</testsuite> <!-- com.ss.ita.rozetka.test.SortProductsListTest -->
