<?xml version="1.0" encoding="UTF-8"?>
<!-- Generated by org.testng.reporters.JUnitReportReporter -->
<testsuite hostname="DESKTOP-UK1UHLE" failures="0" tests="1" name="com.ss.ita.rozetka.test.CatalogModalTest" time="114.042" errors="0" timestamp="2021-12-12T20:42:57 EET" skipped="0">
  <testcase classname="com.ss.ita.rozetka.test.CatalogModalTest" name="verifyThatCatalogOpensAndCloses" time="114.042"/>
  <system-out/>
</testsuite> <!-- com.ss.ita.rozetka.test.CatalogModalTest -->
