<?xml version="1.0" encoding="UTF-8"?>
<!-- Generated by org.testng.reporters.JUnitReportReporter -->
<testsuite hostname="DESKTOP-UK1UHLE" failures="0" tests="1" name="com.ss.ita.rozetka.test.FilterFunctionalityTest" time="722.349" errors="0" timestamp="2021-12-16T10:56:24 EET" skipped="0">
  <testcase classname="com.ss.ita.rozetka.test.FilterFunctionalityTest" name="verifyProductsCorrespondsToSelectedFilterOptions" time="722.349"/>
  <system-out/>
</testsuite> <!-- com.ss.ita.rozetka.test.FilterFunctionalityTest -->
